<?xml version="1.0" encoding="UTF-8"?>
<!-- Generated by org.testng.reporters.JUnitXMLReporter -->
<testsuite hostname="LAPTOP-S1G3PV2R" ignored="0" name="Test" tests="6" failures="2" timestamp="2022-01-20T14:00:58 IST" time="39.094" errors="0">
  <testcase name="login" time="5.48" classname="com.learnautomation.testcases.LoginTestWithPOMWithFactory"/>
  <testcase name="verifyTabs" time="0.035" classname="com.learnautomation.testcases.LoginTestWithPOMWithFactory"/>
  <testcase name="logoutApplication" time="0.108" classname="com.learnautomation.testcases.LoginTestWithPOMWithFactory">
    <failure type="org.openqa.selenium.ElementNotInteractableException" message="element not interactable
  (Session info: headless chrome=97.0.4692.71)
Build info: version: &amp;apos;4.0.0&amp;apos;, revision: &amp;apos;3a21814679&amp;apos;
System info: host: &amp;apos;LAPTOP-S1G3PV2R&amp;apos;, ip: &amp;apos;192.168.1.12&amp;apos;, os.name: &amp;apos;Windows 10&amp;apos;, os.arch: &amp;apos;amd64&amp;apos;, os.version: &amp;apos;10.0&amp;apos;, java.version: &amp;apos;1.8.0_231&amp;apos;
Driver info: org.openqa.selenium.chrome.ChromeDriver
Command: [7212529bc1090ba394da165f654260fb, clickElement {id=2be227a8-18c2-43b1-84ea-90121f41adc5}]
Capabilities {acceptInsecureCerts: false, browserName: chrome, browserVersion: 97.0.4692.71, chrome: {chromedriverVersion: 97.0.4692.71 (adefa7837d02a..., userDataDir: C:\Users\AMITSH~1\AppData\L...}, goog:chromeOptions: {debuggerAddress: localhost:62097}, javascriptEnabled: true, networkConnectionEnabled: false, pageLoadStrategy: normal, platform: WINDOWS, platformName: WINDOWS, proxy: Proxy(), se:cdp: ws://localhost:62097/devtoo..., se:cdpVersion: 97.0.4692.71, setWindowRect: true, strictFileInteractability: false, timeouts: {implicit: 0, pageLoad: 300000, script: 30000}, unhandledPromptBehavior: dismiss and notify, webauthn:extension:credBlob: true, webauthn:extension:largeBlob: true, webauthn:virtualAuthenticators: true}
Element: [[ChromeDriver: chrome on WINDOWS (7212529bc1090ba394da165f654260fb)] -&amp;gt; xpath: //a[text()=&amp;apos;Logout&amp;apos;]]
Session ID: 7212529bc1090ba394da165f654260fb">
      <![CDATA[org.openqa.selenium.ElementNotInteractableException: element not interactable
  (Session info: headless chrome=97.0.4692.71)
Build info: version: '4.0.0', revision: '3a21814679'
System info: host: 'LAPTOP-S1G3PV2R', ip: '192.168.1.12', os.name: 'Windows 10', os.arch: 'amd64', os.version: '10.0', java.version: '1.8.0_231'
Driver info: org.openqa.selenium.chrome.ChromeDriver
Command: [7212529bc1090ba394da165f654260fb, clickElement {id=2be227a8-18c2-43b1-84ea-90121f41adc5}]
Capabilities {acceptInsecureCerts: false, browserName: chrome, browserVersion: 97.0.4692.71, chrome: {chromedriverVersion: 97.0.4692.71 (adefa7837d02a..., userDataDir: C:\Users\AMITSH~1\AppData\L...}, goog:chromeOptions: {debuggerAddress: localhost:62097}, javascriptEnabled: true, networkConnectionEnabled: false, pageLoadStrategy: normal, platform: WINDOWS, platformName: WINDOWS, proxy: Proxy(), se:cdp: ws://localhost:62097/devtoo..., se:cdpVersion: 97.0.4692.71, setWindowRect: true, strictFileInteractability: false, timeouts: {implicit: 0, pageLoad: 300000, script: 30000}, unhandledPromptBehavior: dismiss and notify, webauthn:extension:credBlob: true, webauthn:extension:largeBlob: true, webauthn:virtualAuthenticators: true}
Element: [[ChromeDriver: chrome on WINDOWS (7212529bc1090ba394da165f654260fb)] -> xpath: //a[text()='Logout']]
Session ID: 7212529bc1090ba394da165f654260fb
at org.openqa.selenium.remote.codec.w3c.W3CHttpResponseCodec.createException(W3CHttpResponseCodec.java:200)
at org.openqa.selenium.remote.codec.w3c.W3CHttpResponseCodec.decode(W3CHttpResponseCodec.java:133)
at org.openqa.selenium.remote.codec.w3c.W3CHttpResponseCodec.decode(W3CHttpResponseCodec.java:53)
at org.openqa.selenium.remote.HttpCommandExecutor.execute(HttpCommandExecutor.java:184)
at org.openqa.selenium.remote.service.DriverCommandExecutor.invokeExecute(DriverCommandExecutor.java:164)
at org.openqa.selenium.remote.service.DriverCommandExecutor.execute(DriverCommandExecutor.java:139)
at org.openqa.selenium.remote.RemoteWebDriver.execute(RemoteWebDriver.java:559)
at org.openqa.selenium.remote.RemoteWebElement.execute(RemoteWebElement.java:251)
at org.openqa.selenium.remote.RemoteWebElement.click(RemoteWebElement.java:77)
at com.learnautomation.pages.HomePage.logoutFromApplication(HomePage.java:23)
at com.learnautomation.testcases.LoginTestWithPOMWithFactory.logoutApplication(LoginTestWithPOMWithFactory.java:62)
at java.util.concurrent.ThreadPoolExecutor.runWorker(ThreadPoolExecutor.java:1149)
at java.util.concurrent.ThreadPoolExecutor$Worker.run(ThreadPoolExecutor.java:624)
at java.lang.Thread.run(Thread.java:748)
... Removed 16 stack frames]]>
    </failure>
  </testcase> <!-- logoutApplication -->
  <testcase name="login" time="5.907" classname="com.learnautomation.testcases.UserCreateTest"/>
  <testcase name="createUser" time="7.037" classname="com.learnautomation.testcases.UserCreateTest"/>
  <testcase name="logoutApplication" time="0.099" classname="com.learnautomation.testcases.UserCreateTest">
    <failure type="org.openqa.selenium.ElementNotInteractableException" message="element not interactable
  (Session info: headless chrome=97.0.4692.71)
Build info: version: &amp;apos;4.0.0&amp;apos;, revision: &amp;apos;3a21814679&amp;apos;
System info: host: &amp;apos;LAPTOP-S1G3PV2R&amp;apos;, ip: &amp;apos;192.168.1.12&amp;apos;, os.name: &amp;apos;Windows 10&amp;apos;, os.arch: &amp;apos;amd64&amp;apos;, os.version: &amp;apos;10.0&amp;apos;, java.version: &amp;apos;1.8.0_231&amp;apos;
Driver info: org.openqa.selenium.chrome.ChromeDriver
Command: [796e400371d49dfb22c53d04c172aa4c, clickElement {id=d5543184-4ba9-4daa-9da7-53f0adb836d1}]
Capabilities {acceptInsecureCerts: false, browserName: chrome, browserVersion: 97.0.4692.71, chrome: {chromedriverVersion: 97.0.4692.71 (adefa7837d02a..., userDataDir: C:\Users\AMITSH~1\AppData\L...}, goog:chromeOptions: {debuggerAddress: localhost:62095}, javascriptEnabled: true, networkConnectionEnabled: false, pageLoadStrategy: normal, platform: WINDOWS, platformName: WINDOWS, proxy: Proxy(), se:cdp: ws://localhost:62095/devtoo..., se:cdpVersion: 97.0.4692.71, setWindowRect: true, strictFileInteractability: false, timeouts: {implicit: 0, pageLoad: 300000, script: 30000}, unhandledPromptBehavior: dismiss and notify, webauthn:extension:credBlob: true, webauthn:extension:largeBlob: true, webauthn:virtualAuthenticators: true}
Element: [[ChromeDriver: chrome on WINDOWS (796e400371d49dfb22c53d04c172aa4c)] -&amp;gt; xpath: //a[text()=&amp;apos;Logout&amp;apos;]]
Session ID: 796e400371d49dfb22c53d04c172aa4c">
      <![CDATA[org.openqa.selenium.ElementNotInteractableException: element not interactable
  (Session info: headless chrome=97.0.4692.71)
Build info: version: '4.0.0', revision: '3a21814679'
System info: host: 'LAPTOP-S1G3PV2R', ip: '192.168.1.12', os.name: 'Windows 10', os.arch: 'amd64', os.version: '10.0', java.version: '1.8.0_231'
Driver info: org.openqa.selenium.chrome.ChromeDriver
Command: [796e400371d49dfb22c53d04c172aa4c, clickElement {id=d5543184-4ba9-4daa-9da7-53f0adb836d1}]
Capabilities {acceptInsecureCerts: false, browserName: chrome, browserVersion: 97.0.4692.71, chrome: {chromedriverVersion: 97.0.4692.71 (adefa7837d02a..., userDataDir: C:\Users\AMITSH~1\AppData\L...}, goog:chromeOptions: {debuggerAddress: localhost:62095}, javascriptEnabled: true, networkConnectionEnabled: false, pageLoadStrategy: normal, platform: WINDOWS, platformName: WINDOWS, proxy: Proxy(), se:cdp: ws://localhost:62095/devtoo..., se:cdpVersion: 97.0.4692.71, setWindowRect: true, strictFileInteractability: false, timeouts: {implicit: 0, pageLoad: 300000, script: 30000}, unhandledPromptBehavior: dismiss and notify, webauthn:extension:credBlob: true, webauthn:extension:largeBlob: true, webauthn:virtualAuthenticators: true}
Element: [[ChromeDriver: chrome on WINDOWS (796e400371d49dfb22c53d04c172aa4c)] -> xpath: //a[text()='Logout']]
Session ID: 796e400371d49dfb22c53d04c172aa4c
at org.openqa.selenium.remote.codec.w3c.W3CHttpResponseCodec.createException(W3CHttpResponseCodec.java:200)
at org.openqa.selenium.remote.codec.w3c.W3CHttpResponseCodec.decode(W3CHttpResponseCodec.java:133)
at org.openqa.selenium.remote.codec.w3c.W3CHttpResponseCodec.decode(W3CHttpResponseCodec.java:53)
at org.openqa.selenium.remote.HttpCommandExecutor.execute(HttpCommandExecutor.java:184)
at org.openqa.selenium.remote.service.DriverCommandExecutor.invokeExecute(DriverCommandExecutor.java:164)
at org.openqa.selenium.remote.service.DriverCommandExecutor.execute(DriverCommandExecutor.java:139)
at org.openqa.selenium.remote.RemoteWebDriver.execute(RemoteWebDriver.java:559)
at org.openqa.selenium.remote.RemoteWebElement.execute(RemoteWebElement.java:251)
at org.openqa.selenium.remote.RemoteWebElement.click(RemoteWebElement.java:77)
at com.learnautomation.pages.HomePage.logoutFromApplication(HomePage.java:23)
at com.learnautomation.testcases.UserCreateTest.logoutApplication(UserCreateTest.java:63)
at java.util.concurrent.ThreadPoolExecutor.runWorker(ThreadPoolExecutor.java:1149)
at java.util.concurrent.ThreadPoolExecutor$Worker.run(ThreadPoolExecutor.java:624)
at java.lang.Thread.run(Thread.java:748)
... Removed 16 stack frames]]>
    </failure>
  </testcase> <!-- logoutApplication -->
</testsuite> <!-- Test -->
